
*** Running vivado
    with args -log top_alarm_clock.vds -m64 -product Vivado -mode batch -messageDb vivado.pb -notrace -source top_alarm_clock.tcl


ECHO is off.
ECHO is off.

****** Vivado v2023.2 (64-bit)
  **** SW Build 4029153 on Fri Oct 13 20:14:34 MDT 2023
  **** IP Build 4028589 on Sat Oct 14 00:45:43 MDT 2023
  **** SharedData Build 4025554 on Tue Oct 10 17:18:54 MDT 2023
    ** Copyright 1986-2022 Xilinx, Inc. All Rights Reserved.
    ** Copyright 2022-2023 Advanced Micro Devices, Inc. All Rights Reserved.

source top_alarm_clock.tcl -notrace
create_project: Time (s): cpu = 00:00:06 ; elapsed = 00:00:07 . Memory (MB): peak = 485.219 ; gain = 180.480
Command: read_checkpoint -auto_incremental -incremental C:/Users/Uzivatel/Desktop/Project/TOP_ALARM_CLOCK/TOP_ALARM_CLOCK.srcs/utils_1/imports/synth_1/top_alarm_clock.dcp
INFO: [Vivado 12-5825] Read reference checkpoint from C:/Users/Uzivatel/Desktop/Project/TOP_ALARM_CLOCK/TOP_ALARM_CLOCK.srcs/utils_1/imports/synth_1/top_alarm_clock.dcp for incremental synthesis
INFO: [Vivado 12-7989] Please ensure there are no constraint changes
Command: synth_design -top top_alarm_clock -part xc7a50ticsg324-1L
Starting synth_design
Attempting to get a license for feature 'Synthesis' and/or device 'xc7a50ti'
INFO: [Common 17-349] Got license for feature 'Synthesis' and/or device 'xc7a50ti'
INFO: [Device 21-403] Loading part xc7a50ticsg324-1L
INFO: [Designutils 20-5440] No compile time benefit to using incremental synthesis; A full resynthesis will be run
INFO: [Designutils 20-4379] Flow is switching to default flow due to incremental criteria not met. If you would like to alter this behaviour and have the flow terminate instead, please set the following parameter config_implementation {autoIncr.Synth.RejectBehavior Terminate}
INFO: [Synth 8-7079] Multithreading enabled for synth_design using a maximum of 2 processes.
INFO: [Synth 8-7078] Launching helper process for spawning children vivado processes
INFO: [Synth 8-7075] Helper process launched with PID 22020
---------------------------------------------------------------------------------
Starting RTL Elaboration : Time (s): cpu = 00:00:05 ; elapsed = 00:00:06 . Memory (MB): peak = 1322.512 ; gain = 440.875
---------------------------------------------------------------------------------
INFO: [Synth 8-638] synthesizing module 'top_alarm_clock' [C:/Users/Uzivatel/Desktop/Project/TOP_ALARM_CLOCK/TOP_ALARM_CLOCK.srcs/sources_1/new/top_alarm_clock.vhd:48]
INFO: [Synth 8-638] synthesizing module 'debounce' [C:/Users/Uzivatel/Desktop/Project/TOP_ALARM_CLOCK/TOP_ALARM_CLOCK.srcs/sources_1/new/debounce.vhd:48]
INFO: [Synth 8-638] synthesizing module 'clk_en' [C:/Users/Uzivatel/Desktop/Project/TOP_ALARM_CLOCK/TOP_ALARM_CLOCK.srcs/sources_1/new/clk_en.vhd:45]
	Parameter G_MAX bound to: 1000000 - type: integer 
INFO: [Synth 8-256] done synthesizing module 'clk_en' (0#1) [C:/Users/Uzivatel/Desktop/Project/TOP_ALARM_CLOCK/TOP_ALARM_CLOCK.srcs/sources_1/new/clk_en.vhd:45]
INFO: [Synth 8-256] done synthesizing module 'debounce' (0#1) [C:/Users/Uzivatel/Desktop/Project/TOP_ALARM_CLOCK/TOP_ALARM_CLOCK.srcs/sources_1/new/debounce.vhd:48]
INFO: [Synth 8-638] synthesizing module 'time_core' [C:/Users/Uzivatel/Desktop/Project/TOP_ALARM_CLOCK/TOP_ALARM_CLOCK.srcs/sources_1/new/time_core.vhd:52]
	Parameter G_MAX bound to: 100000000 - type: integer 
INFO: [Synth 8-3491] module 'clk_en' declared at 'C:/Users/Uzivatel/Desktop/Project/TOP_ALARM_CLOCK/TOP_ALARM_CLOCK.srcs/sources_1/new/clk_en.vhd:34' bound to instance 'CLKDIV' of component 'clk_en' [C:/Users/Uzivatel/Desktop/Project/TOP_ALARM_CLOCK/TOP_ALARM_CLOCK.srcs/sources_1/new/time_core.vhd:73]
INFO: [Synth 8-638] synthesizing module 'clk_en__parameterized1' [C:/Users/Uzivatel/Desktop/Project/TOP_ALARM_CLOCK/TOP_ALARM_CLOCK.srcs/sources_1/new/clk_en.vhd:45]
	Parameter G_MAX bound to: 100000000 - type: integer 
INFO: [Synth 8-256] done synthesizing module 'clk_en__parameterized1' (0#1) [C:/Users/Uzivatel/Desktop/Project/TOP_ALARM_CLOCK/TOP_ALARM_CLOCK.srcs/sources_1/new/clk_en.vhd:45]
INFO: [Synth 8-638] synthesizing module 'main_loop' [C:/Users/Uzivatel/Desktop/Project/TOP_ALARM_CLOCK/TOP_ALARM_CLOCK.srcs/sources_1/new/main_loop.vhd:50]
INFO: [Synth 8-256] done synthesizing module 'main_loop' (0#1) [C:/Users/Uzivatel/Desktop/Project/TOP_ALARM_CLOCK/TOP_ALARM_CLOCK.srcs/sources_1/new/main_loop.vhd:50]
INFO: [Synth 8-256] done synthesizing module 'time_core' (0#1) [C:/Users/Uzivatel/Desktop/Project/TOP_ALARM_CLOCK/TOP_ALARM_CLOCK.srcs/sources_1/new/time_core.vhd:52]
INFO: [Synth 8-638] synthesizing module 'alarm_system' [C:/Users/Uzivatel/Desktop/Project/TOP_ALARM_CLOCK/TOP_ALARM_CLOCK.srcs/sources_1/new/alarm_system.vhd:54]
INFO: [Synth 8-638] synthesizing module 'alarm_memory' [C:/Users/Uzivatel/Desktop/Project/TOP_ALARM_CLOCK/TOP_ALARM_CLOCK.srcs/sources_1/new/alarm_memory.vhd:48]
INFO: [Synth 8-256] done synthesizing module 'alarm_memory' (0#1) [C:/Users/Uzivatel/Desktop/Project/TOP_ALARM_CLOCK/TOP_ALARM_CLOCK.srcs/sources_1/new/alarm_memory.vhd:48]
INFO: [Synth 8-638] synthesizing module 'alarm_control' [C:/Users/Uzivatel/Desktop/Project/TOP_ALARM_CLOCK/TOP_ALARM_CLOCK.srcs/sources_1/new/alarm_control.vhd:46]
INFO: [Synth 8-256] done synthesizing module 'alarm_control' (0#1) [C:/Users/Uzivatel/Desktop/Project/TOP_ALARM_CLOCK/TOP_ALARM_CLOCK.srcs/sources_1/new/alarm_control.vhd:46]
INFO: [Synth 8-256] done synthesizing module 'alarm_system' (0#1) [C:/Users/Uzivatel/Desktop/Project/TOP_ALARM_CLOCK/TOP_ALARM_CLOCK.srcs/sources_1/new/alarm_system.vhd:54]
INFO: [Synth 8-226] default block is never used [C:/Users/Uzivatel/Desktop/Project/TOP_ALARM_CLOCK/TOP_ALARM_CLOCK.srcs/sources_1/new/top_alarm_clock.vhd:109]
INFO: [Synth 8-638] synthesizing module 'display_driver' [C:/Users/Uzivatel/Desktop/Project/TOP_ALARM_CLOCK/TOP_ALARM_CLOCK.srcs/sources_1/new/display_driver.vhd:53]
INFO: [Synth 8-638] synthesizing module 'clk_en__parameterized2' [C:/Users/Uzivatel/Desktop/Project/TOP_ALARM_CLOCK/TOP_ALARM_CLOCK.srcs/sources_1/new/clk_en.vhd:45]
	Parameter G_MAX bound to: 200000 - type: integer 
INFO: [Synth 8-256] done synthesizing module 'clk_en__parameterized2' (0#1) [C:/Users/Uzivatel/Desktop/Project/TOP_ALARM_CLOCK/TOP_ALARM_CLOCK.srcs/sources_1/new/clk_en.vhd:45]
INFO: [Synth 8-638] synthesizing module 'cnt_up_down' [C:/Users/Uzivatel/Desktop/Project/TOP_ALARM_CLOCK/TOP_ALARM_CLOCK.srcs/sources_1/new/cnt_up_down.vhd:48]
	Parameter g_CNT_WIDTH bound to: 3 - type: integer 
INFO: [Synth 8-256] done synthesizing module 'cnt_up_down' (0#1) [C:/Users/Uzivatel/Desktop/Project/TOP_ALARM_CLOCK/TOP_ALARM_CLOCK.srcs/sources_1/new/cnt_up_down.vhd:48]
INFO: [Synth 8-638] synthesizing module 'bin2seg' [C:/Users/Uzivatel/Desktop/Project/TOP_ALARM_CLOCK/TOP_ALARM_CLOCK.srcs/sources_1/new/bin2seg.vhd:40]
INFO: [Synth 8-256] done synthesizing module 'bin2seg' (0#1) [C:/Users/Uzivatel/Desktop/Project/TOP_ALARM_CLOCK/TOP_ALARM_CLOCK.srcs/sources_1/new/bin2seg.vhd:40]
INFO: [Synth 8-256] done synthesizing module 'display_driver' (0#1) [C:/Users/Uzivatel/Desktop/Project/TOP_ALARM_CLOCK/TOP_ALARM_CLOCK.srcs/sources_1/new/display_driver.vhd:53]
INFO: [Synth 8-256] done synthesizing module 'top_alarm_clock' (0#1) [C:/Users/Uzivatel/Desktop/Project/TOP_ALARM_CLOCK/TOP_ALARM_CLOCK.srcs/sources_1/new/top_alarm_clock.vhd:48]
WARNING: [Synth 8-3917] design top_alarm_clock has port led[15] driven by constant 0
WARNING: [Synth 8-3917] design top_alarm_clock has port led[14] driven by constant 0
WARNING: [Synth 8-3917] design top_alarm_clock has port led[13] driven by constant 0
WARNING: [Synth 8-3917] design top_alarm_clock has port led[12] driven by constant 0
WARNING: [Synth 8-3917] design top_alarm_clock has port led[11] driven by constant 0
WARNING: [Synth 8-3917] design top_alarm_clock has port led[10] driven by constant 0
WARNING: [Synth 8-3917] design top_alarm_clock has port led[9] driven by constant 0
WARNING: [Synth 8-3917] design top_alarm_clock has port led[8] driven by constant 0
WARNING: [Synth 8-3917] design top_alarm_clock has port led[7] driven by constant 0
WARNING: [Synth 8-3917] design top_alarm_clock has port led[6] driven by constant 0
WARNING: [Synth 8-3917] design top_alarm_clock has port led[5] driven by constant 0
WARNING: [Synth 8-3917] design top_alarm_clock has port led[4] driven by constant 0
WARNING: [Synth 8-3917] design top_alarm_clock has port led[3] driven by constant 0
WARNING: [Synth 8-3917] design top_alarm_clock has port led[2] driven by constant 0
WARNING: [Synth 8-3917] design top_alarm_clock has port led[1] driven by constant 0
---------------------------------------------------------------------------------
Finished RTL Elaboration : Time (s): cpu = 00:00:07 ; elapsed = 00:00:08 . Memory (MB): peak = 1435.781 ; gain = 554.145
---------------------------------------------------------------------------------
---------------------------------------------------------------------------------
Start Handling Custom Attributes
---------------------------------------------------------------------------------
---------------------------------------------------------------------------------
Finished Handling Custom Attributes : Time (s): cpu = 00:00:07 ; elapsed = 00:00:08 . Memory (MB): peak = 1435.781 ; gain = 554.145
---------------------------------------------------------------------------------
---------------------------------------------------------------------------------
Finished RTL Optimization Phase 1 : Time (s): cpu = 00:00:07 ; elapsed = 00:00:08 . Memory (MB): peak = 1435.781 ; gain = 554.145
---------------------------------------------------------------------------------
Netlist sorting complete. Time (s): cpu = 00:00:00 ; elapsed = 00:00:00.007 . Memory (MB): peak = 1435.781 ; gain = 0.000
INFO: [Project 1-570] Preparing netlist for logic optimization

Processing XDC Constraints
Initializing timing engine
Parsing XDC File [C:/Users/Uzivatel/Desktop/Project/TOP_ALARM_CLOCK/TOP_ALARM_CLOCK.srcs/constrs_1/new/nexys_a7.xdc]
Finished Parsing XDC File [C:/Users/Uzivatel/Desktop/Project/TOP_ALARM_CLOCK/TOP_ALARM_CLOCK.srcs/constrs_1/new/nexys_a7.xdc]
INFO: [Project 1-236] Implementation specific constraints were found while reading constraint file [C:/Users/Uzivatel/Desktop/Project/TOP_ALARM_CLOCK/TOP_ALARM_CLOCK.srcs/constrs_1/new/nexys_a7.xdc]. These constraints will be ignored for synthesis but will be used in implementation. Impacted constraints are listed in the file [.Xil/top_alarm_clock_propImpl.xdc].
Resolution: To avoid this warning, move constraints listed in [.Xil/top_alarm_clock_propImpl.xdc] to another XDC file and exclude this new file from synthesis with the used_in_synthesis property (File Properties dialog in GUI) and re-run elaboration/synthesis.
Completed Processing XDC Constraints

Netlist sorting complete. Time (s): cpu = 00:00:00 ; elapsed = 00:00:00 . Memory (MB): peak = 1529.859 ; gain = 0.000
INFO: [Project 1-111] Unisim Transformation Summary:
No Unisim elements were transformed.

Syst‚m nem…§e nal‚zt uvedenou cestu.
Constraint Validation Runtime : Time (s): cpu = 00:00:00 ; elapsed = 00:00:00.004 . Memory (MB): peak = 1529.859 ; gain = 0.000
INFO: [Designutils 20-5440] No compile time benefit to using incremental synthesis; A full resynthesis will be run
INFO: [Designutils 20-4379] Flow is switching to default flow due to incremental criteria not met. If you would like to alter this behaviour and have the flow terminate instead, please set the following parameter config_implementation {autoIncr.Synth.RejectBehavior Terminate}
---------------------------------------------------------------------------------
Finished Constraint Validation : Time (s): cpu = 00:00:15 ; elapsed = 00:00:16 . Memory (MB): peak = 1529.859 ; gain = 648.223
---------------------------------------------------------------------------------
---------------------------------------------------------------------------------
Start Loading Part and Timing Information
---------------------------------------------------------------------------------
Loading part: xc7a50ticsg324-1L
---------------------------------------------------------------------------------
Finished Loading Part and Timing Information : Time (s): cpu = 00:00:15 ; elapsed = 00:00:16 . Memory (MB): peak = 1529.859 ; gain = 648.223
---------------------------------------------------------------------------------
---------------------------------------------------------------------------------
Start Applying 'set_property' XDC Constraints
---------------------------------------------------------------------------------
---------------------------------------------------------------------------------
Finished applying 'set_property' XDC Constraints : Time (s): cpu = 00:00:15 ; elapsed = 00:00:16 . Memory (MB): peak = 1529.859 ; gain = 648.223
---------------------------------------------------------------------------------
INFO: [Synth 8-802] inferred FSM for state register 'set_state_reg' in module 'main_loop'
---------------------------------------------------------------------------------------------------
                   State |                     New Encoding |                Previous Encoding 
---------------------------------------------------------------------------------------------------
                   s_off |                              001 |                               00
                    s_hh |                              010 |                               01
                    s_mm |                              100 |                               10
---------------------------------------------------------------------------------------------------
INFO: [Synth 8-3354] encoded FSM with state register 'set_state_reg' using encoding 'one-hot' in module 'main_loop'
---------------------------------------------------------------------------------
Finished RTL Optimization Phase 2 : Time (s): cpu = 00:00:15 ; elapsed = 00:00:16 . Memory (MB): peak = 1529.859 ; gain = 648.223
---------------------------------------------------------------------------------
---------------------------------------------------------------------------------
Start RTL Component Statistics 
---------------------------------------------------------------------------------
Detailed RTL Component Info : 
+---Adders : 
	   2 Input   26 Bit       Adders := 1     
	   2 Input   17 Bit       Adders := 1     
	   2 Input   11 Bit       Adders := 1     
	   2 Input    9 Bit       Adders := 1     
	   2 Input    6 Bit       Adders := 9     
	   2 Input    5 Bit       Adders := 8     
	   2 Input    3 Bit       Adders := 1     
+---Registers : 
	               26 Bit    Registers := 1     
	               17 Bit    Registers := 1     
	               11 Bit    Registers := 1     
	                9 Bit    Registers := 1     
	                6 Bit    Registers := 5     
	                5 Bit    Registers := 4     
	                4 Bit    Registers := 5     
	                3 Bit    Registers := 1     
	                2 Bit    Registers := 1     
	                1 Bit    Registers := 40    
+---Muxes : 
	   2 Input    9 Bit        Muxes := 2     
	   8 Input    8 Bit        Muxes := 1     
	   2 Input    7 Bit        Muxes := 1     
	   2 Input    6 Bit        Muxes := 17    
	   4 Input    6 Bit        Muxes := 1     
	   2 Input    5 Bit        Muxes := 15    
	   4 Input    5 Bit        Muxes := 5     
	   4 Input    4 Bit        Muxes := 2     
	   3 Input    3 Bit        Muxes := 1     
	   2 Input    3 Bit        Muxes := 2     
	   4 Input    3 Bit        Muxes := 1     
	   2 Input    2 Bit        Muxes := 2     
	   4 Input    2 Bit        Muxes := 3     
	   3 Input    1 Bit        Muxes := 11    
	   2 Input    1 Bit        Muxes := 31    
	   4 Input    1 Bit        Muxes := 1     
	   8 Input    1 Bit        Muxes := 1     
---------------------------------------------------------------------------------
Finished RTL Component Statistics 
---------------------------------------------------------------------------------
---------------------------------------------------------------------------------
Start Part Resource Summary
---------------------------------------------------------------------------------
Part Resources:
DSPs: 120 (col length:60)
BRAMs: 150 (col length: RAMB18 60 RAMB36 30)
---------------------------------------------------------------------------------
Finished Part Resource Summary
---------------------------------------------------------------------------------
---------------------------------------------------------------------------------
Start Cross Boundary and Area Optimization
---------------------------------------------------------------------------------
WARNING: [Synth 8-7080] Parallel synthesis criteria is not met
WARNING: [Synth 8-3917] design top_alarm_clock has port led[15] driven by constant 0
WARNING: [Synth 8-3917] design top_alarm_clock has port led[14] driven by constant 0
WARNING: [Synth 8-3917] design top_alarm_clock has port led[13] driven by constant 0
WARNING: [Synth 8-3917] design top_alarm_clock has port led[12] driven by constant 0
WARNING: [Synth 8-3917] design top_alarm_clock has port led[11] driven by constant 0
WARNING: [Synth 8-3917] design top_alarm_clock has port led[10] driven by constant 0
WARNING: [Synth 8-3917] design top_alarm_clock has port led[9] driven by constant 0
WARNING: [Synth 8-3917] design top_alarm_clock has port led[8] driven by constant 0
WARNING: [Synth 8-3917] design top_alarm_clock has port led[7] driven by constant 0
WARNING: [Synth 8-3917] design top_alarm_clock has port led[6] driven by constant 0
WARNING: [Synth 8-3917] design top_alarm_clock has port led[5] driven by constant 0
WARNING: [Synth 8-3917] design top_alarm_clock has port led[4] driven by constant 0
WARNING: [Synth 8-3917] design top_alarm_clock has port led[3] driven by constant 0
WARNING: [Synth 8-3917] design top_alarm_clock has port led[2] driven by constant 0
WARNING: [Synth 8-3917] design top_alarm_clock has port led[1] driven by constant 0
---------------------------------------------------------------------------------
Finished Cross Boundary and Area Optimization : Time (s): cpu = 00:00:22 ; elapsed = 00:00:23 . Memory (MB): peak = 1529.859 ; gain = 648.223
---------------------------------------------------------------------------------
---------------------------------------------------------------------------------
Start ROM, RAM, DSP, Shift Register and Retiming Reporting
---------------------------------------------------------------------------------

ROM: Preliminary Mapping Report
+------------+------------+---------------+----------------+
|Module Name | RTL Object | Depth x Width | Implemented As | 
+------------+------------+---------------+----------------+
|bin2seg     | seg        | 32x7          | LUT            | 
+------------+------------+---------------+----------------+

---------------------------------------------------------------------------------
Finished ROM, RAM, DSP, Shift Register and Retiming Reporting
---------------------------------------------------------------------------------
---------------------------------------------------------------------------------
Start Applying XDC Timing Constraints
---------------------------------------------------------------------------------
---------------------------------------------------------------------------------
Finished Applying XDC Timing Constraints : Time (s): cpu = 00:00:27 ; elapsed = 00:00:28 . Memory (MB): peak = 1529.859 ; gain = 648.223
---------------------------------------------------------------------------------
---------------------------------------------------------------------------------
Start Timing Optimization
---------------------------------------------------------------------------------
---------------------------------------------------------------------------------
Finished Timing Optimization : Time (s): cpu = 00:00:28 ; elapsed = 00:00:30 . Memory (MB): peak = 1529.859 ; gain = 648.223
---------------------------------------------------------------------------------
---------------------------------------------------------------------------------
Start Technology Mapping
---------------------------------------------------------------------------------
---------------------------------------------------------------------------------
Finished Technology Mapping : Time (s): cpu = 00:00:29 ; elapsed = 00:00:30 . Memory (MB): peak = 1529.859 ; gain = 648.223
---------------------------------------------------------------------------------
---------------------------------------------------------------------------------
Start IO Insertion
---------------------------------------------------------------------------------
---------------------------------------------------------------------------------
Start Flattening Before IO Insertion
---------------------------------------------------------------------------------
---------------------------------------------------------------------------------
Finished Flattening Before IO Insertion
---------------------------------------------------------------------------------
---------------------------------------------------------------------------------
Start Final Netlist Cleanup
---------------------------------------------------------------------------------
---------------------------------------------------------------------------------
Finished Final Netlist Cleanup
---------------------------------------------------------------------------------
---------------------------------------------------------------------------------
Finished IO Insertion : Time (s): cpu = 00:00:33 ; elapsed = 00:00:34 . Memory (MB): peak = 1529.859 ; gain = 648.223
---------------------------------------------------------------------------------
---------------------------------------------------------------------------------
Start Renaming Generated Instances
---------------------------------------------------------------------------------
---------------------------------------------------------------------------------
Finished Renaming Generated Instances : Time (s): cpu = 00:00:33 ; elapsed = 00:00:34 . Memory (MB): peak = 1529.859 ; gain = 648.223
---------------------------------------------------------------------------------
---------------------------------------------------------------------------------
Start Rebuilding User Hierarchy
---------------------------------------------------------------------------------
---------------------------------------------------------------------------------
Finished Rebuilding User Hierarchy : Time (s): cpu = 00:00:33 ; elapsed = 00:00:34 . Memory (MB): peak = 1529.859 ; gain = 648.223
---------------------------------------------------------------------------------
---------------------------------------------------------------------------------
Start Renaming Generated Ports
---------------------------------------------------------------------------------
---------------------------------------------------------------------------------
Finished Renaming Generated Ports : Time (s): cpu = 00:00:33 ; elapsed = 00:00:34 . Memory (MB): peak = 1529.859 ; gain = 648.223
---------------------------------------------------------------------------------
---------------------------------------------------------------------------------
Start Handling Custom Attributes
---------------------------------------------------------------------------------
---------------------------------------------------------------------------------
Finished Handling Custom Attributes : Time (s): cpu = 00:00:33 ; elapsed = 00:00:34 . Memory (MB): peak = 1529.859 ; gain = 648.223
---------------------------------------------------------------------------------
---------------------------------------------------------------------------------
Start Renaming Generated Nets
---------------------------------------------------------------------------------
---------------------------------------------------------------------------------
Finished Renaming Generated Nets : Time (s): cpu = 00:00:33 ; elapsed = 00:00:34 . Memory (MB): peak = 1529.859 ; gain = 648.223
---------------------------------------------------------------------------------
---------------------------------------------------------------------------------
Start Writing Synthesis Report
---------------------------------------------------------------------------------

Report BlackBoxes: 
+-+--------------+----------+
| |BlackBox name |Instances |
+-+--------------+----------+
+-+--------------+----------+

Report Cell Usage: 
+------+-------+------+
|      |Cell   |Count |
+------+-------+------+
|1     |BUFG   |     1|
|2     |CARRY4 |    48|
|3     |LUT1   |    19|
|4     |LUT2   |    27|
|5     |LUT3   |    30|
|6     |LUT4   |    54|
|7     |LUT5   |    34|
|8     |LUT6   |   124|
|9     |MUXF7  |     3|
|10    |FDRE   |   312|
|11    |FDSE   |     7|
|12    |IBUF   |     8|
|13    |OBUF   |    33|
+------+-------+------+
---------------------------------------------------------------------------------
Finished Writing Synthesis Report : Time (s): cpu = 00:00:33 ; elapsed = 00:00:34 . Memory (MB): peak = 1529.859 ; gain = 648.223
---------------------------------------------------------------------------------
Synthesis finished with 0 errors, 0 critical warnings and 16 warnings.
Synthesis Optimization Runtime : Time (s): cpu = 00:00:24 ; elapsed = 00:00:33 . Memory (MB): peak = 1529.859 ; gain = 554.145
Synthesis Optimization Complete : Time (s): cpu = 00:00:33 ; elapsed = 00:00:35 . Memory (MB): peak = 1529.859 ; gain = 648.223
INFO: [Project 1-571] Translating synthesized netlist
Netlist sorting complete. Time (s): cpu = 00:00:00 ; elapsed = 00:00:00.007 . Memory (MB): peak = 1529.859 ; gain = 0.000
INFO: [Netlist 29-17] Analyzing 51 Unisim elements for replacement
INFO: [Netlist 29-28] Unisim Transformation completed in 0 CPU seconds
INFO: [Project 1-570] Preparing netlist for logic optimization
INFO: [Opt 31-138] Pushed 0 inverter(s) to 0 load pin(s).
Netlist sorting complete. Time (s): cpu = 00:00:00 ; elapsed = 00:00:00 . Memory (MB): peak = 1529.859 ; gain = 0.000
INFO: [Project 1-111] Unisim Transformation Summary:
No Unisim elements were transformed.

Syst‚m nem…§e nal‚zt uvedenou cestu.
Synth Design complete | Checksum: ac74686e
INFO: [Common 17-83] Releasing license: Synthesis
51 Infos, 31 Warnings, 0 Critical Warnings and 0 Errors encountered.
synth_design completed successfully
synth_design: Time (s): cpu = 00:00:37 ; elapsed = 00:00:40 . Memory (MB): peak = 1529.859 ; gain = 1039.449
Write ShapeDB Complete: Time (s): cpu = 00:00:00 ; elapsed = 00:00:00.002 . Memory (MB): peak = 1529.859 ; gain = 0.000
INFO: [Common 17-1381] The checkpoint 'C:/Users/Uzivatel/Desktop/Project/TOP_ALARM_CLOCK/TOP_ALARM_CLOCK.runs/synth_1/top_alarm_clock.dcp' has been generated.
INFO: [runtcl-4] Executing : report_utilization -file top_alarm_clock_utilization_synth.rpt -pb top_alarm_clock_utilization_synth.pb
INFO: [Common 17-206] Exiting Vivado at Thu Apr 23 19:26:49 2026...
