Copyright 1986-2022 Xilinx, Inc. All Rights Reserved. Copyright 2022-2023 Advanced Micro Devices, Inc. All Rights Reserved.
---------------------------------------------------------------------------------------------------------------------------------------------
| Tool Version : Vivado v.2023.2 (win64) Build 4029153 Fri Oct 13 20:14:34 MDT 2023
| Date         : Fri May  1 15:49:44 2026
| Host         : Asus running 64-bit major release  (build 9200)
| Command      : report_control_sets -verbose -file top_alarm_clock_control_sets_placed.rpt
| Design       : top_alarm_clock
| Device       : xc7a50ti
---------------------------------------------------------------------------------------------------------------------------------------------

Control Set Information

Table of Contents
-----------------
1. Summary
2. Histogram
3. Flip-Flop Distribution
4. Detailed Control Set Information

1. Summary
----------

+----------------------------------------------------------+-------+
|                          Status                          | Count |
+----------------------------------------------------------+-------+
| Total control sets                                       |    29 |
|    Minimum number of control sets                        |    29 |
|    Addition due to synthesis replication                 |     0 |
|    Addition due to physical synthesis replication        |     0 |
| Unused register locations in slices containing registers |   116 |
+----------------------------------------------------------+-------+
* Control sets can be merged at opt_design using control_set_merge or merge_equivalent_drivers
** Run report_qor_suggestions for automated merging and remapping suggestions


2. Histogram
------------

+--------------------+-------+
|       Fanout       | Count |
+--------------------+-------+
| Total control sets |    29 |
| >= 0 to < 4        |     0 |
| >= 4 to < 6        |     9 |
| >= 6 to < 8        |     5 |
| >= 8 to < 10       |     2 |
| >= 10 to < 12      |     1 |
| >= 12 to < 14      |     0 |
| >= 14 to < 16      |     1 |
| >= 16              |    11 |
+--------------------+-------+
* Control sets can be remapped at either synth_design or opt_design


3. Flip-Flop Distribution
-------------------------

+--------------+-----------------------+------------------------+-----------------+--------------+
| Clock Enable | Synchronous Set/Reset | Asynchronous Set/Reset | Total Registers | Total Slices |
+--------------+-----------------------+------------------------+-----------------+--------------+
| No           | No                    | No                     |               9 |            5 |
| No           | No                    | Yes                    |               0 |            0 |
| No           | Yes                   | No                     |             265 |           81 |
| Yes          | No                    | No                     |               0 |            0 |
| Yes          | No                    | Yes                    |               0 |            0 |
| Yes          | Yes                   | No                     |              90 |           37 |
+--------------+-----------------------+------------------------+-----------------+--------------+


4. Detailed Control Set Information
-----------------------------------

+----------------+------------------------------------------------+-----------------------------------------------------+------------------+----------------+--------------+
|  Clock Signal  |                  Enable Signal                 |                   Set/Reset Signal                  | Slice Load Count | Bel Load Count | Bels / Slice |
+----------------+------------------------------------------------+-----------------------------------------------------+------------------+----------------+--------------+
|  clk_IBUF_BUFG | BTN_SYNC_INST/DEB_C/clk_en_inst/E[0]           | rst_IBUF                                            |                1 |              4 |         4.00 |
|  clk_IBUF_BUFG | BTN_SYNC_INST/DEB_D/clk_en_inst/E[0]           | rst_IBUF                                            |                1 |              4 |         4.00 |
|  clk_IBUF_BUFG | BTN_SYNC_INST/DEB_L/clk_en_inst/E[0]           | rst_IBUF                                            |                1 |              4 |         4.00 |
|  clk_IBUF_BUFG | BTN_SYNC_INST/DEB_R/clk_en_inst/E[0]           | rst_IBUF                                            |                2 |              4 |         2.00 |
|  clk_IBUF_BUFG | BTN_SYNC_INST/DEB_U/clk_en_inst/E[0]           | rst_IBUF                                            |                1 |              4 |         4.00 |
|  clk_IBUF_BUFG | CORE/MAIN_FSM/debounced_reg_0[0]               | rst_IBUF                                            |                3 |              5 |         1.67 |
|  clk_IBUF_BUFG | CORE/MAIN_FSM/FSM_onehot_set_state_reg[1]_3[0] | rst_IBUF                                            |                2 |              5 |         2.50 |
|  clk_IBUF_BUFG | CORE/MAIN_FSM/debounced_reg[0]                 | rst_IBUF                                            |                3 |              5 |         1.67 |
|  clk_IBUF_BUFG | CORE/MAIN_FSM/view_state_reg[1]_0[0]           | rst_IBUF                                            |                2 |              5 |         2.50 |
|  clk_IBUF_BUFG | CORE/MAIN_FSM/E[0]                             | rst_IBUF                                            |                2 |              6 |         3.00 |
|  clk_IBUF_BUFG | CORE/MAIN_FSM/btn_down_d_reg_2[0]              | rst_IBUF                                            |                3 |              6 |         2.00 |
|  clk_IBUF_BUFG | CORE/MAIN_FSM/FSM_onehot_set_state_reg[1]_1[0] | rst_IBUF                                            |                2 |              6 |         3.00 |
|  clk_IBUF_BUFG | CORE/MAIN_FSM/btn_down_d_reg_0[0]              | rst_IBUF                                            |                4 |              6 |         1.50 |
|  clk_IBUF_BUFG | CORE/MAIN_FSM/btn_down_d_reg_1[0]              | rst_IBUF                                            |                4 |              6 |         1.50 |
|  clk_IBUF_BUFG |                                                |                                                     |                5 |              9 |         1.80 |
|  clk_IBUF_BUFG | ALARM_SYS/CTRL/snooze_cnt[8]_i_2_n_0           | ALARM_SYS/CTRL/snooze_cnt[8]_i_1_n_0                |                3 |              9 |         3.00 |
|  clk_IBUF_BUFG | CORE/MAIN_FSM/hold_cnt0                        | BTN_SYNC_INST/DEB_C/SR[0]                           |                3 |             11 |         3.67 |
|  clk_IBUF_BUFG |                                                | ALARM_SYS/BUZZER_GEN/s_tone_cnt[0]_i_1_n_0          |                4 |             15 |         3.75 |
|  clk_IBUF_BUFG |                                                | CORE/MAIN_FSM/ms_cnt[16]_i_1_n_0                    |                5 |             17 |         3.40 |
|  clk_IBUF_BUFG |                                                | DISP_DRV/CLK_EN_MUX/clear                           |                5 |             18 |         3.60 |
|  clk_IBUF_BUFG |                                                | BTN_SYNC_INST/DEB_C/clk_en_inst/count[0]_i_1__3_n_0 |                5 |             20 |         4.00 |
|  clk_IBUF_BUFG |                                                | BTN_SYNC_INST/DEB_D/clk_en_inst/count[0]_i_1__0_n_0 |                5 |             20 |         4.00 |
|  clk_IBUF_BUFG |                                                | BTN_SYNC_INST/DEB_L/clk_en_inst/count[0]_i_1__1_n_0 |                5 |             20 |         4.00 |
|  clk_IBUF_BUFG |                                                | BTN_SYNC_INST/DEB_R/clk_en_inst/count[0]_i_1__2_n_0 |                5 |             20 |         4.00 |
|  clk_IBUF_BUFG |                                                | BTN_SYNC_INST/DEB_U/clk_en_inst/count[0]_i_1_n_0    |                5 |             20 |         4.00 |
|  clk_IBUF_BUFG |                                                | ALARM_SYS/BUZZER_GEN/s_beep_cnt[0]_i_1_n_0          |                7 |             25 |         3.57 |
|  clk_IBUF_BUFG |                                                | DISP_DRV/CLK_EN_BLINK/count[0]_i_1__5_n_0           |                7 |             26 |         3.71 |
|  clk_IBUF_BUFG |                                                | CORE/CLKDIV/count[0]_i_1__4_n_0                     |                7 |             27 |         3.86 |
|  clk_IBUF_BUFG |                                                | rst_IBUF                                            |               21 |             37 |         1.76 |
+----------------+------------------------------------------------+-----------------------------------------------------+------------------+----------------+--------------+


